#
# There is insufficient memory for the Java Runtime Environment to continue.
# Native memory allocation (malloc) failed to allocate 814576 bytes for Chunk::new
# Possible reasons:
#   The system is out of physical RAM or swap space
#   In 32 bit mode, the process size limit was hit
# Possible solutions:
#   Reduce memory load on the system
#   Increase physical memory or swap space
#   Check if swap backing store is full
#   Use 64 bit Java on a 64 bit OS
#   Decrease Java heap size (-Xmx/-Xms)
#   Decrease number of Java threads
#   Decrease Java thread stack sizes (-Xss)
#   Set larger code cache with -XX:ReservedCodeCacheSize=
# This output file may be truncated or incomplete.
#
#  Out of Memory Error (allocation.cpp:390), pid=8568, tid=10816
#
# JRE version: Java(TM) SE Runtime Environment (8.0_25-b18) (build 1.8.0_25-b18)
# Java VM: Java HotSpot(TM) 64-Bit Server VM (25.25-b02 mixed mode windows-amd64 compressed oops)
# Failed to write core dump. Minidumps are not enabled by default on client versions of Windows
#

---------------  T H R E A D  ---------------

Current thread (0x0000000009c56800):  JavaThread "C2 CompilerThread2" daemon [_thread_in_native, id=10816, stack(0x000000000b730000,0x000000000b830000)]

Stack: [0x000000000b730000,0x000000000b830000]
Native frames: (J=compiled Java code, j=interpreted, Vv=VM code, C=native code)
V  [jvm.dll+0x31667a]
V  [jvm.dll+0x267073]
V  [jvm.dll+0x267cb3]
V  [jvm.dll+0x25f5b5]
V  [jvm.dll+0xbf165]
V  [jvm.dll+0xbf60c]
V  [jvm.dll+0x478fbc]
V  [jvm.dll+0x4465b0]
V  [jvm.dll+0x45130e]
V  [jvm.dll+0x4538f8]
V  [jvm.dll+0x437372]
V  [jvm.dll+0x98a02]
V  [jvm.dll+0x991f3]
V  [jvm.dll+0x22bde4]
V  [jvm.dll+0x2852fa]
C  [msvcr100.dll+0x21d9f]
C  [msvcr100.dll+0x21e3b]
C  [kernel32.dll+0x159cd]
C  [ntdll.dll+0x2b981]


Current CompileTask:
C2:  23636 10003       4       org.h2.mvstore.MVMap::rewrite (246 bytes)


---------------  P R O C E S S  ---------------

Java Threads: ( => current thread )
  0x000000001f243000 JavaThread "sildu-actors-system-akka.actor.default-dispatcher-9" [_thread_in_Java, id=5964, stack(0x000000000ab30000,0x000000000ac30000)]
  0x000000001f23d800 JavaThread "sildu-actors-system-akka.actor.default-dispatcher-8" [_thread_in_Java, id=440, stack(0x0000000023450000,0x0000000023550000)]
  0x000000001f247800 JavaThread "sildu-actors-system-akka.actor.default-dispatcher-7" [_thread_blocked, id=6964, stack(0x00000000295b0000,0x00000000296b0000)]
  0x000000001f23d000 JavaThread "sildu-actors-system-akka.actor.default-dispatcher-6" [_thread_in_Java, id=9052, stack(0x0000000029420000,0x0000000029520000)]
  0x000000001f241800 JavaThread "sildu-actors-system-akka.actor.default-dispatcher-5" [_thread_in_Java, id=5728, stack(0x0000000029230000,0x0000000029330000)]
  0x000000001f23c000 JavaThread "New I/O server boss #272" [_thread_in_native, id=7636, stack(0x00000000290d0000,0x00000000291d0000)]
  0x000000001f240800 JavaThread "New I/O worker #271" [_thread_in_native, id=2964, stack(0x0000000028ee0000,0x0000000028fe0000)]
  0x000000001f80f000 JavaThread "New I/O worker #270" [_thread_in_native, id=10680, stack(0x0000000028cf0000,0x0000000028df0000)]
  0x000000001f804800 JavaThread "New I/O worker #269" [_thread_in_native, id=4980, stack(0x0000000028b80000,0x0000000028c80000)]
  0x000000001f80d000 JavaThread "New I/O worker #268" [_thread_in_native, id=10116, stack(0x0000000028960000,0x0000000028a60000)]
  0x000000001f810800 JavaThread "New I/O worker #267" [_thread_in_native, id=10520, stack(0x0000000028790000,0x0000000028890000)]
  0x000000001f811800 JavaThread "New I/O worker #266" [_thread_in_native, id=10072, stack(0x000000000de60000,0x000000000df60000)]
  0x000000001f80b800 JavaThread "New I/O worker #265" [_thread_in_native, id=6880, stack(0x0000000028580000,0x0000000028680000)]
  0x000000001f80a800 JavaThread "New I/O worker #264" [_thread_in_native, id=9140, stack(0x0000000028460000,0x0000000028560000)]
  0x000000001f80c000 JavaThread "New I/O worker #263" [_thread_in_native, id=9924, stack(0x0000000028360000,0x0000000028460000)]
  0x000000001f805800 JavaThread "New I/O worker #262" [_thread_in_native, id=8176, stack(0x0000000027f80000,0x0000000028080000)]
  0x000000000c531800 JavaThread "New I/O worker #261" [_thread_in_native, id=9584, stack(0x0000000027d70000,0x0000000027e70000)]
  0x000000000c52a000 JavaThread "New I/O worker #260" [_thread_in_native, id=9784, stack(0x0000000027b60000,0x0000000027c60000)]
  0x000000000c531000 JavaThread "New I/O worker #259" [_thread_in_native, id=3852, stack(0x0000000025560000,0x0000000025660000)]
  0x000000000c528000 JavaThread "New I/O worker #258" [_thread_in_native, id=8024, stack(0x00000000279d0000,0x0000000027ad0000)]
  0x000000000c52d000 JavaThread "New I/O worker #257" [_thread_in_native, id=1004, stack(0x00000000278d0000,0x00000000279d0000)]
  0x000000000c52e800 JavaThread "New I/O worker #256" [_thread_in_native, id=10928, stack(0x000000000b990000,0x000000000ba90000)]
  0x000000000c52c800 JavaThread "pool-47-thread-1" [_thread_blocked, id=10872, stack(0x000000000e860000,0x000000000e960000)]
  0x000000001f813000 JavaThread "sildu-actors-system-akka.actor.default-dispatcher-4" [_thread_in_Java, id=3936, stack(0x0000000027780000,0x0000000027880000)]
  0x000000001f807000 JavaThread "sildu-actors-system-akka.actor.default-dispatcher-3" [_thread_blocked, id=10844, stack(0x0000000025e80000,0x0000000025f80000)]
  0x000000001f80e800 JavaThread "sildu-actors-system-akka.actor.default-dispatcher-2" [_thread_in_Java, id=9592, stack(0x00000000272b0000,0x00000000273b0000)]
  0x000000001f804000 JavaThread "sildu-actors-system-scheduler-1" [_thread_blocked, id=8532, stack(0x00000000275d0000,0x00000000276d0000)]
  0x0000000020b92000 JavaThread "HikariCP connection filler (pool HikariPool-15)" daemon [_thread_blocked, id=11232, stack(0x0000000027420000,0x0000000027520000)]
  0x0000000020b91800 JavaThread "Hikari Housekeeping Timer (pool HikariPool-15)" daemon [_thread_blocked, id=9484, stack(0x00000000241d0000,0x00000000242d0000)]
  0x0000000020b90800 JavaThread "New I/O server boss #255" [_thread_in_native, id=6104, stack(0x0000000025330000,0x0000000025430000)]
  0x0000000020b90000 JavaThread "New I/O worker #254" [_thread_in_native, id=6744, stack(0x0000000025950000,0x0000000025a50000)]
  0x0000000020b8f000 JavaThread "New I/O worker #253" [_thread_in_native, id=5056, stack(0x00000000271a0000,0x00000000272a0000)]
  0x0000000020b8e800 JavaThread "New I/O worker #252" [_thread_in_native, id=10692, stack(0x0000000025820000,0x0000000025920000)]
  0x0000000020b8d800 JavaThread "New I/O worker #251" [_thread_in_native, id=8976, stack(0x0000000025670000,0x0000000025770000)]
  0x0000000020b8b800 JavaThread "New I/O worker #250" [_thread_in_native, id=4772, stack(0x0000000025460000,0x0000000025560000)]
  0x0000000020b8c000 JavaThread "New I/O worker #249" [_thread_in_native, id=5912, stack(0x0000000025220000,0x0000000025320000)]
  0x000000000c525800 JavaThread "New I/O worker #248" [_thread_in_native, id=1188, stack(0x0000000025050000,0x0000000025150000)]
  0x000000000c532800 JavaThread "New I/O worker #247" [_thread_in_native, id=6308, stack(0x0000000024e60000,0x0000000024f60000)]
  0x000000000c52f800 JavaThread "New I/O worker #246" [_thread_in_native, id=6324, stack(0x0000000024d30000,0x0000000024e30000)]
  0x000000000c534000 JavaThread "New I/O worker #245" [_thread_in_native, id=4308, stack(0x0000000024b60000,0x0000000024c60000)]
  0x000000000c52b800 JavaThread "New I/O worker #244" [_thread_in_native, id=9500, stack(0x0000000024430000,0x0000000024530000)]
  0x000000000c526800 JavaThread "New I/O worker #243" [_thread_in_native, id=7252, stack(0x0000000022d30000,0x0000000022e30000)]
  0x000000000c528800 JavaThread "New I/O worker #242" [_thread_in_native, id=8904, stack(0x0000000020500000,0x0000000020600000)]
  0x000000000c533000 JavaThread "New I/O worker #241" [_thread_in_native, id=4768, stack(0x0000000024300000,0x0000000024400000)]
  0x000000000c52e000 JavaThread "New I/O worker #240" [_thread_in_native, id=8392, stack(0x0000000023870000,0x0000000023970000)]
  0x000000000c52b000 JavaThread "New I/O worker #239" [_thread_in_native, id=4808, stack(0x0000000023e10000,0x0000000023f10000)]
  0x000000000c534800 JavaThread "pool-44-thread-1" [_thread_blocked, id=5340, stack(0x0000000023c30000,0x0000000023d30000)]
  0x000000000c530000 JavaThread "MVStore background writer nio:C:/Users/Sildu/data/db.mv.db" daemon [_thread_blocked, id=1432, stack(0x0000000023550000,0x0000000023650000)]
  0x000000001f80a000 JavaThread "pool-41-thread-1" [_thread_blocked, id=9100, stack(0x0000000021980000,0x0000000021a80000)]
  0x000000001f809000 JavaThread "pool-38-thread-1" [_thread_blocked, id=7312, stack(0x00000000239b0000,0x0000000023ab0000)]
  0x000000001f23e800 JavaThread "pool-35-thread-1" [_thread_blocked, id=11040, stack(0x0000000022f90000,0x0000000023090000)]
  0x000000001f243800 JavaThread "pool-32-thread-1" [_thread_blocked, id=1544, stack(0x0000000023ac0000,0x0000000023bc0000)]
  0x000000000c529800 JavaThread "pool-29-thread-1" [_thread_blocked, id=5208, stack(0x0000000022c30000,0x0000000022d30000)]
  0x000000001f806000 JavaThread "pool-26-thread-1" [_thread_blocked, id=5628, stack(0x0000000023130000,0x0000000023230000)]
  0x000000001f80d800 JavaThread "pool-23-thread-1" [_thread_blocked, id=6916, stack(0x000000000e0b0000,0x000000000e1b0000)]
  0x000000001f812800 JavaThread "pool-20-thread-1" [_thread_blocked, id=5968, stack(0x0000000023330000,0x0000000023430000)]
  0x000000001f23a000 JavaThread "pool-17-thread-1" [_thread_blocked, id=6116, stack(0x0000000022b00000,0x0000000022c00000)]
  0x000000001f246000 JavaThread "pool-14-thread-1" [_thread_blocked, id=9788, stack(0x000000000ebf0000,0x000000000ecf0000)]
  0x000000001f242000 JavaThread "pool-11-thread-1" [_thread_blocked, id=10812, stack(0x000000000ecf0000,0x000000000edf0000)]
  0x000000001f240000 JavaThread "pool-8-thread-1" [_thread_blocked, id=9208, stack(0x0000000022e40000,0x0000000022f40000)]
  0x000000001f807800 JavaThread "pool-5-thread-1" [_thread_blocked, id=9492, stack(0x000000000dbf0000,0x000000000dcf0000)]
  0x000000001f239000 JavaThread "Timer-0" daemon [_thread_blocked, id=7340, stack(0x0000000020400000,0x0000000020500000)]
  0x000000001f238800 JavaThread "pool-2-thread-1" [_thread_blocked, id=9704, stack(0x0000000020040000,0x0000000020140000)]
  0x000000000c200800 JavaThread "pool-1-thread-1" [_thread_in_native, id=10200, stack(0x000000000c6d0000,0x000000000c7d0000)]
  0x0000000009cd2800 JavaThread "Service Thread" daemon [_thread_blocked, id=5736, stack(0x000000000baa0000,0x000000000bba0000)]
  0x0000000009c57800 JavaThread "C1 CompilerThread3" daemon [_thread_blocked, id=1944, stack(0x000000000b890000,0x000000000b990000)]
=>0x0000000009c56800 JavaThread "C2 CompilerThread2" daemon [_thread_in_native, id=10816, stack(0x000000000b730000,0x000000000b830000)]
  0x0000000009c4b000 JavaThread "C2 CompilerThread1" daemon [_thread_blocked, id=10620, stack(0x000000000b470000,0x000000000b570000)]
  0x0000000009c40800 JavaThread "C2 CompilerThread0" daemon [_thread_blocked, id=6644, stack(0x000000000b5b0000,0x000000000b6b0000)]
  0x0000000009c3f000 JavaThread "Attach Listener" daemon [_thread_blocked, id=8952, stack(0x000000000b310000,0x000000000b410000)]
  0x0000000009c3e000 JavaThread "Signal Dispatcher" daemon [_thread_blocked, id=8320, stack(0x000000000b130000,0x000000000b230000)]
  0x0000000008da1000 JavaThread "Finalizer" daemon [_thread_blocked, id=10404, stack(0x000000000af90000,0x000000000b090000)]
  0x0000000008d98000 JavaThread "Reference Handler" daemon [_thread_blocked, id=6488, stack(0x000000000ada0000,0x000000000aea0000)]
  0x00000000023bf000 JavaThread "main" [_thread_blocked, id=7844, stack(0x00000000025e0000,0x00000000026e0000)]

Other Threads:
  0x0000000008d90800 VMThread [stack: 0x000000000ac30000,0x000000000ad30000] [id=10732]
  0x0000000009ce3800 WatcherThread [stack: 0x000000000bd20000,0x000000000be20000] [id=7680]

VM state:not at safepoint (normal execution)

VM Mutex/Monitor currently owned by a thread: None

Heap:
 PSYoungGen      total 478208K, used 114436K [0x00000000d5f80000, 0x00000000f4500000, 0x0000000100000000)
  eden space 466432K, 24% used [0x00000000d5f80000,0x00000000dcef1368,0x00000000f2700000)
  from space 11776K, 2% used [0x00000000f3980000,0x00000000f39d0020,0x00000000f4500000)
  to   space 15360K, 0% used [0x00000000f2700000,0x00000000f2700000,0x00000000f3600000)
 ParOldGen       total 129536K, used 36494K [0x0000000081e00000, 0x0000000089c80000, 0x00000000d5f80000)
  object space 129536K, 28% used [0x0000000081e00000,0x00000000841a3bd8,0x0000000089c80000)
 Metaspace       used 65485K, capacity 66874K, committed 67160K, reserved 1107968K
  class space    used 8886K, capacity 9284K, committed 9344K, reserved 1048576K

Card table byte_map: [0x0000000002d70000,0x0000000003170000] byte_map_base: 0x0000000002961000

Marking Bits: (ParMarkBitMap*) 0x00000000581ed490
 Begin Bits: [0x00000000040a0000, 0x0000000006028000)
 End Bits:   [0x0000000006028000, 0x0000000007fb0000)

Polling page: 0x0000000000150000

CodeCache: size=245760Kb used=27144Kb max_used=27434Kb free=218615Kb
 bounds [0x000000000f010000, 0x0000000010b10000, 0x000000001e010000]
 total_blobs=9434 nmethods=8618 adapters=728
 compilation: enabled

Compilation events (10 events):
Event: 22.954 Thread 0x0000000009c4b000 nmethod 9998 0x0000000010934050 code [0x0000000010934180, 0x00000000109341f8]
Event: 22.977 Thread 0x0000000009c57800 9999       3       akka.pattern.PromiseActorRef::state (11 bytes)
Event: 22.978 Thread 0x0000000009c57800 nmethod 9999 0x00000000101ea490 code [0x00000000101ea5e0, 0x00000000101ea730]
Event: 22.988 Thread 0x0000000009c57800 10000   !   3       java.util.HashMap::clone (33 bytes)
Event: 22.988 Thread 0x0000000009c57800 nmethod 10000 0x000000000ff8b4d0 code [0x000000000ff8b680, 0x000000000ff8bcf8]
Event: 22.991 Thread 0x0000000009c57800 10001       3       java.util.AbstractMap::clone (20 bytes)
Event: 22.991 Thread 0x0000000009c57800 nmethod 10001 0x000000000f7f8e10 code [0x000000000f7f8f80, 0x000000000f7f9248]
Event: 23.203 Thread 0x0000000009c57800 10002       1       akka.actor.ActorCell::currentMessage (5 bytes)
Event: 23.203 Thread 0x0000000009c57800 nmethod 10002 0x000000001065c850 code [0x000000001065c9a0, 0x000000001065cab0]
Event: 23.454 Thread 0x0000000009c56800 10003       4       org.h2.mvstore.MVMap::rewrite (246 bytes)

GC Heap History (10 events):
Event: 22.881 GC heap before
{Heap before GC invocations=39 (full 3):
 PSYoungGen      total 481792K, used 466720K [0x00000000d5f80000, 0x00000000f4500000, 0x0000000100000000)
  eden space 466432K, 100% used [0x00000000d5f80000,0x00000000f2700000,0x00000000f2700000)
  from space 15360K, 1% used [0x00000000f2700000,0x00000000f2748010,0x00000000f3600000)
  to   space 11776K, 0% used [0x00000000f3980000,0x00000000f3980000,0x00000000f4500000)
 ParOldGen       total 129536K, used 36446K [0x0000000081e00000, 0x0000000089c80000, 0x00000000d5f80000)
  object space 129536K, 28% used [0x0000000081e00000,0x0000000084197bd8,0x0000000089c80000)
 Metaspace       used 65483K, capacity 66874K, committed 67160K, reserved 1107968K
  class space    used 8886K, capacity 9284K, committed 9344K, reserved 1048576K
Event: 22.883 GC heap after
Heap after GC invocations=39 (full 3):
 PSYoungGen      total 478208K, used 320K [0x00000000d5f80000, 0x00000000f4500000, 0x0000000100000000)
  eden space 466432K, 0% used [0x00000000d5f80000,0x00000000d5f80000,0x00000000f2700000)
  from space 11776K, 2% used [0x00000000f3980000,0x00000000f39d0020,0x00000000f4500000)
  to   space 15360K, 0% used [0x00000000f2700000,0x00000000f2700000,0x00000000f3600000)
 ParOldGen       total 129536K, used 36446K [0x0000000081e00000, 0x0000000089c80000, 0x00000000d5f80000)
  object space 129536K, 28% used [0x0000000081e00000,0x0000000084197bd8,0x0000000089c80000)
 Metaspace       used 65483K, capacity 66874K, committed 67160K, reserved 1107968K
  class space    used 8886K, capacity 9284K, committed 9344K, reserved 1048576K
}
Event: 23.052 GC heap before
{Heap before GC invocations=40 (full 3):
 PSYoungGen      total 478208K, used 466752K [0x00000000d5f80000, 0x00000000f4500000, 0x0000000100000000)
  eden space 466432K, 100% used [0x00000000d5f80000,0x00000000f2700000,0x00000000f2700000)
  from space 11776K, 2% used [0x00000000f3980000,0x00000000f39d0020,0x00000000f4500000)
  to   space 15360K, 0% used [0x00000000f2700000,0x00000000f2700000,0x00000000f3600000)
 ParOldGen       total 129536K, used 36446K [0x0000000081e00000, 0x0000000089c80000, 0x00000000d5f80000)
  object space 129536K, 28% used [0x0000000081e00000,0x0000000084197bd8,0x0000000089c80000)
 Metaspace       used 65485K, capacity 66874K, committed 67160K, reserved 1107968K
  class space    used 8886K, capacity 9284K, committed 9344K, reserved 1048576K
Event: 23.054 GC heap after
Heap after GC invocations=40 (full 3):
 PSYoungGen      total 481792K, used 320K [0x00000000d5f80000, 0x00000000f4500000, 0x0000000100000000)
  eden space 466432K, 0% used [0x00000000d5f80000,0x00000000d5f80000,0x00000000f2700000)
  from space 15360K, 2% used [0x00000000f2700000,0x00000000f2750020,0x00000000f3600000)
  to   space 11776K, 0% used [0x00000000f3980000,0x00000000f3980000,0x00000000f4500000)
 ParOldGen       total 129536K, used 36446K [0x0000000081e00000, 0x0000000089c80000, 0x00000000d5f80000)
  object space 129536K, 28% used [0x0000000081e00000,0x0000000084197bd8,0x0000000089c80000)
 Metaspace       used 65485K, capacity 66874K, committed 67160K, reserved 1107968K
  class space    used 8886K, capacity 9284K, committed 9344K, reserved 1048576K
}
Event: 23.233 GC heap before
{Heap before GC invocations=41 (full 3):
 PSYoungGen      total 481792K, used 466752K [0x00000000d5f80000, 0x00000000f4500000, 0x0000000100000000)
  eden space 466432K, 100% used [0x00000000d5f80000,0x00000000f2700000,0x00000000f2700000)
  from space 15360K, 2% used [0x00000000f2700000,0x00000000f2750020,0x00000000f3600000)
  to   space 11776K, 0% used [0x00000000f3980000,0x00000000f3980000,0x00000000f4500000)
 ParOldGen       total 129536K, used 36446K [0x0000000081e00000, 0x0000000089c80000, 0x00000000d5f80000)
  object space 129536K, 28% used [0x0000000081e00000,0x0000000084197bd8,0x0000000089c80000)
 Metaspace       used 65485K, capacity 66874K, committed 67160K, reserved 1107968K
  class space    used 8886K, capacity 9284K, committed 9344K, reserved 1048576K
Event: 23.234 GC heap after
Heap after GC invocations=41 (full 3):
 PSYoungGen      total 478208K, used 320K [0x00000000d5f80000, 0x00000000f4500000, 0x0000000100000000)
  eden space 466432K, 0% used [0x00000000d5f80000,0x00000000d5f80000,0x00000000f2700000)
  from space 11776K, 2% used [0x00000000f3980000,0x00000000f39d0020,0x00000000f4500000)
  to   space 15360K, 0% used [0x00000000f2700000,0x00000000f2700000,0x00000000f3600000)
 ParOldGen       total 129536K, used 36478K [0x0000000081e00000, 0x0000000089c80000, 0x00000000d5f80000)
  object space 129536K, 28% used [0x0000000081e00000,0x000000008419fbd8,0x0000000089c80000)
 Metaspace       used 65485K, capacity 66874K, committed 67160K, reserved 1107968K
  class space    used 8886K, capacity 9284K, committed 9344K, reserved 1048576K
}
Event: 23.402 GC heap before
{Heap before GC invocations=42 (full 3):
 PSYoungGen      total 478208K, used 466752K [0x00000000d5f80000, 0x00000000f4500000, 0x0000000100000000)
  eden space 466432K, 100% used [0x00000000d5f80000,0x00000000f2700000,0x00000000f2700000)
  from space 11776K, 2% used [0x00000000f3980000,0x00000000f39d0020,0x00000000f4500000)
  to   space 15360K, 0% used [0x00000000f2700000,0x00000000f2700000,0x00000000f3600000)
 ParOldGen       total 129536K, used 36478K [0x0000000081e00000, 0x0000000089c80000, 0x00000000d5f80000)
  object space 129536K, 28% used [0x0000000081e00000,0x000000008419fbd8,0x0000000089c80000)
 Metaspace       used 65485K, capacity 66874K, committed 67160K, reserved 1107968K
  class space    used 8886K, capacity 9284K, committed 9344K, reserved 1048576K
Event: 23.404 GC heap after
Heap after GC invocations=42 (full 3):
 PSYoungGen      total 481792K, used 288K [0x00000000d5f80000, 0x00000000f4500000, 0x0000000100000000)
  eden space 466432K, 0% used [0x00000000d5f80000,0x00000000d5f80000,0x00000000f2700000)
  from space 15360K, 1% used [0x00000000f2700000,0x00000000f2748020,0x00000000f3600000)
  to   space 11776K, 0% used [0x00000000f3980000,0x00000000f3980000,0x00000000f4500000)
 ParOldGen       total 129536K, used 36486K [0x0000000081e00000, 0x0000000089c80000, 0x00000000d5f80000)
  object space 129536K, 28% used [0x0000000081e00000,0x00000000841a1bd8,0x0000000089c80000)
 Metaspace       used 65485K, capacity 66874K, committed 67160K, reserved 1107968K
  class space    used 8886K, capacity 9284K, committed 9344K, reserved 1048576K
}
Event: 23.592 GC heap before
{Heap before GC invocations=43 (full 3):
 PSYoungGen      total 481792K, used 466720K [0x00000000d5f80000, 0x00000000f4500000, 0x0000000100000000)
  eden space 466432K, 100% used [0x00000000d5f80000,0x00000000f2700000,0x00000000f2700000)
  from space 15360K, 1% used [0x00000000f2700000,0x00000000f2748020,0x00000000f3600000)
  to   space 11776K, 0% used [0x00000000f3980000,0x00000000f3980000,0x00000000f4500000)
 ParOldGen       total 129536K, used 36486K [0x0000000081e00000, 0x0000000089c80000, 0x00000000d5f80000)
  object space 129536K, 28% used [0x0000000081e00000,0x00000000841a1bd8,0x0000000089c80000)
 Metaspace       used 65485K, capacity 66874K, committed 67160K, reserved 1107968K
  class space    used 8886K, capacity 9284K, committed 9344K, reserved 1048576K
Event: 23.593 GC heap after
Heap after GC invocations=43 (full 3):
 PSYoungGen      total 478208K, used 320K [0x00000000d5f80000, 0x00000000f4500000, 0x0000000100000000)
  eden space 466432K, 0% used [0x00000000d5f80000,0x00000000d5f80000,0x00000000f2700000)
  from space 11776K, 2% used [0x00000000f3980000,0x00000000f39d0020,0x00000000f4500000)
  to   space 15360K, 0% used [0x00000000f2700000,0x00000000f2700000,0x00000000f3600000)
 ParOldGen       total 129536K, used 36494K [0x0000000081e00000, 0x0000000089c80000, 0x00000000d5f80000)
  object space 129536K, 28% used [0x0000000081e00000,0x00000000841a3bd8,0x0000000089c80000)
 Metaspace       used 65485K, capacity 66874K, committed 67160K, reserved 1107968K
  class space    used 8886K, capacity 9284K, committed 9344K, reserved 1048576K
}

Deoptimization events (10 events):
Event: 12.198 Thread 0x000000000c532800 Uncommon trap: reason=bimorphic action=maybe_recompile pc=0x00000000105602d0 method=org.hibernate.type.AbstractStandardBasicType.deepCopy(Ljava/lang/Object;)Ljava/lang/Object; @ 1
Event: 12.199 Thread 0x000000000c532800 Uncommon trap: reason=bimorphic action=maybe_recompile pc=0x0000000010551b28 method=org.hibernate.internal.util.compare.EqualsHelper.equals(Ljava/lang/Object;Ljava/lang/Object;)Z @ 15
Event: 12.199 Thread 0x000000000c532800 Uncommon trap: reason=bimorphic action=maybe_recompile pc=0x0000000010551b28 method=org.hibernate.internal.util.compare.EqualsHelper.equals(Ljava/lang/Object;Ljava/lang/Object;)Z @ 15
Event: 12.199 Thread 0x000000000c532800 Uncommon trap: reason=bimorphic action=maybe_recompile pc=0x0000000010551b28 method=org.hibernate.internal.util.compare.EqualsHelper.equals(Ljava/lang/Object;Ljava/lang/Object;)Z @ 15
Event: 12.199 Thread 0x000000000c532800 Uncommon trap: reason=bimorphic action=maybe_recompile pc=0x0000000010551b28 method=org.hibernate.internal.util.compare.EqualsHelper.equals(Ljava/lang/Object;Ljava/lang/Object;)Z @ 15
Event: 15.625 Thread 0x000000000c200800 Uncommon trap: reason=range_check action=make_not_entrant pc=0x000000000f19b438 method=java.lang.String.charAt(I)C @ 27
Event: 15.654 Thread 0x000000000c200800 Uncommon trap: reason=array_check action=maybe_recompile pc=0x000000001085d7b4 method=scala.collection.mutable.ArrayBuilder$ofRef.$plus$eq(Ljava/lang/Object;)Lscala/collection/mutable/ArrayBuilder$ofRef; @ 19
Event: 15.654 Thread 0x000000000c200800 Uncommon trap: reason=array_check action=maybe_recompile pc=0x000000001085d7b4 method=scala.collection.mutable.ArrayBuilder$ofRef.$plus$eq(Ljava/lang/Object;)Lscala/collection/mutable/ArrayBuilder$ofRef; @ 19
Event: 15.654 Thread 0x000000000c200800 Uncommon trap: reason=array_check action=maybe_recompile pc=0x000000001085d7b4 method=scala.collection.mutable.ArrayBuilder$ofRef.$plus$eq(Ljava/lang/Object;)Lscala/collection/mutable/ArrayBuilder$ofRef; @ 19
Event: 15.654 Thread 0x000000000c200800 Uncommon trap: reason=array_check action=maybe_recompile pc=0x000000001085d7b4 method=scala.collection.mutable.ArrayBuilder$ofRef.$plus$eq(Ljava/lang/Object;)Lscala/collection/mutable/ArrayBuilder$ofRef; @ 19

Internal exceptions (10 events):
Event: 19.758 Thread 0x000000001f80e800 Exception <a 'java/security/PrivilegedActionException'> (0x00000000e639ace0) thrown at [D:\re\workspace\8-2-build-windows-amd64-cygwin\jdk8u25\1677\hotspot\src\share\vm\prims\jvm.cpp, line 1312]
Event: 19.758 Thread 0x000000001f80e800 Exception <a 'java/security/PrivilegedActionException'> (0x00000000e63a1e70) thrown at [D:\re\workspace\8-2-build-windows-amd64-cygwin\jdk8u25\1677\hotspot\src\share\vm\prims\jvm.cpp, line 1312]
Event: 19.759 Thread 0x000000001f80e800 Exception <a 'java/security/PrivilegedActionException'> (0x00000000e63c1d60) thrown at [D:\re\workspace\8-2-build-windows-amd64-cygwin\jdk8u25\1677\hotspot\src\share\vm\prims\jvm.cpp, line 1312]
Event: 19.760 Thread 0x000000001f80e800 Exception <a 'java/security/PrivilegedActionException'> (0x00000000e63cb038) thrown at [D:\re\workspace\8-2-build-windows-amd64-cygwin\jdk8u25\1677\hotspot\src\share\vm\prims\jvm.cpp, line 1312]
Event: 19.760 Thread 0x000000001f80e800 Exception <a 'java/security/PrivilegedActionException'> (0x00000000e63cec88) thrown at [D:\re\workspace\8-2-build-windows-amd64-cygwin\jdk8u25\1677\hotspot\src\share\vm\prims\jvm.cpp, line 1312]
Event: 19.760 Thread 0x000000001f80e800 Exception <a 'java/security/PrivilegedActionException'> (0x00000000e63d7680) thrown at [D:\re\workspace\8-2-build-windows-amd64-cygwin\jdk8u25\1677\hotspot\src\share\vm\prims\jvm.cpp, line 1312]
Event: 19.760 Thread 0x000000001f80e800 Exception <a 'java/security/PrivilegedActionException'> (0x00000000e63d9c98) thrown at [D:\re\workspace\8-2-build-windows-amd64-cygwin\jdk8u25\1677\hotspot\src\share\vm\prims\jvm.cpp, line 1312]
Event: 19.760 Thread 0x000000001f80e800 Exception <a 'java/security/PrivilegedActionException'> (0x00000000e63e2f70) thrown at [D:\re\workspace\8-2-build-windows-amd64-cygwin\jdk8u25\1677\hotspot\src\share\vm\prims\jvm.cpp, line 1312]
Event: 19.761 Thread 0x000000001f80e800 Exception <a 'java/security/PrivilegedActionException'> (0x00000000e63ebe18) thrown at [D:\re\workspace\8-2-build-windows-amd64-cygwin\jdk8u25\1677\hotspot\src\share\vm\prims\jvm.cpp, line 1312]
Event: 19.761 Thread 0x000000001f80e800 Exception <a 'java/security/PrivilegedActionException'> (0x00000000e63f50f0) thrown at [D:\re\workspace\8-2-build-windows-amd64-cygwin\jdk8u25\1677\hotspot\src\share\vm\prims\jvm.cpp, line 1312]

Events (10 events):
Event: 22.979 Thread 0x0000000009c57800 flushing nmethod 0x000000001065d850
Event: 22.990 Thread 0x0000000009c57800 flushing nmethod 0x00000000107cba90
Event: 23.052 Executing VM operation: ParallelGCFailedAllocation
Event: 23.054 Executing VM operation: ParallelGCFailedAllocation done
Event: 23.232 Executing VM operation: ParallelGCFailedAllocation
Event: 23.234 Executing VM operation: ParallelGCFailedAllocation done
Event: 23.402 Executing VM operation: ParallelGCFailedAllocation
Event: 23.404 Executing VM operation: ParallelGCFailedAllocation done
Event: 23.592 Executing VM operation: ParallelGCFailedAllocation
Event: 23.594 Executing VM operation: ParallelGCFailedAllocation done


Dynamic libraries:
0x000000013fe60000 - 0x000000013fe94000 	C:\Program Files\Java\jdk1.8.0_25\jre\bin\java.exe
0x0000000077150000 - 0x00000000772f9000 	C:\Windows\SYSTEM32\ntdll.dll
0x0000000077030000 - 0x000000007714f000 	C:\Windows\system32\kernel32.dll
0x000007fefcf20000 - 0x000007fefcf8c000 	C:\Windows\system32\KERNELBASE.dll
0x000007fefec60000 - 0x000007fefed3b000 	C:\Windows\system32\ADVAPI32.dll
0x000007fefd950000 - 0x000007fefd9ef000 	C:\Windows\system32\msvcrt.dll
0x000007fefed40000 - 0x000007fefed5f000 	C:\Windows\SYSTEM32\sechost.dll
0x000007feff290000 - 0x000007feff3bd000 	C:\Windows\system32\RPCRT4.dll
0x0000000076f30000 - 0x000000007702a000 	C:\Windows\system32\USER32.dll
0x000007fefd2c0000 - 0x000007fefd327000 	C:\Windows\system32\GDI32.dll
0x000007fefd7e0000 - 0x000007fefd7ee000 	C:\Windows\system32\LPK.dll
0x000007fefd5e0000 - 0x000007fefd6a9000 	C:\Windows\system32\USP10.dll
0x000007fefb620000 - 0x000007fefb814000 	C:\Windows\WinSxS\amd64_microsoft.windows.common-controls_6595b64144ccf1df_6.0.7601.18837_none_fa3b1e3d17594757\COMCTL32.dll
0x000007fefd8d0000 - 0x000007fefd941000 	C:\Windows\system32\SHLWAPI.dll
0x000007feff3c0000 - 0x000007feff3ee000 	C:\Windows\system32\IMM32.DLL
0x000007fefd6d0000 - 0x000007fefd7d9000 	C:\Windows\system32\MSCTF.dll
0x000007fefce20000 - 0x000007fefce64000 	C:\Windows\system32\nvinitx.dll
0x000000000f000000 - 0x000000000f006000 	C:\Program Files\NVIDIA Corporation\CoProcManager\_etoured.dll
0x000007fef2e60000 - 0x000007fef2ea5000 	C:\Program Files\NVIDIA Corporation\CoProcManager\nvd3d9wrapx.dll
0x000007fefe990000 - 0x000007fefeb67000 	C:\Windows\system32\SETUPAPI.dll
0x000007fefcfc0000 - 0x000007fefcff6000 	C:\Windows\system32\CFGMGR32.dll
0x000007fefd7f0000 - 0x000007fefd8c7000 	C:\Windows\system32\OLEAUT32.dll
0x000007fefd330000 - 0x000007fefd533000 	C:\Windows\system32\ole32.dll
0x000007fefcfa0000 - 0x000007fefcfba000 	C:\Windows\system32\DEVOBJ.dll
0x000007fef2dc0000 - 0x000007fef2df7000 	C:\Program Files\NVIDIA Corporation\CoProcManager\nvdxgiwrapx.dll
0x0000000061b10000 - 0x0000000061be2000 	C:\Program Files\Java\jdk1.8.0_25\jre\bin\msvcr100.dll
0x0000000057a10000 - 0x000000005826a000 	C:\Program Files\Java\jdk1.8.0_25\jre\bin\server\jvm.dll
0x000007fef8d20000 - 0x000007fef8d29000 	C:\Windows\system32\WSOCK32.dll
0x000007fefeb70000 - 0x000007fefebbd000 	C:\Windows\system32\WS2_32.dll
0x000007feff3f0000 - 0x000007feff3f8000 	C:\Windows\system32\NSI.dll
0x000007fef2bc0000 - 0x000007fef2bfb000 	C:\Windows\system32\WINMM.dll
0x0000000077310000 - 0x0000000077317000 	C:\Windows\system32\PSAPI.DLL
0x000000006ee50000 - 0x000000006ee5f000 	C:\Program Files\Java\jdk1.8.0_25\jre\bin\verify.dll
0x000000006e2b0000 - 0x000000006e2d8000 	C:\Program Files\Java\jdk1.8.0_25\jre\bin\java.dll
0x000000006e2f0000 - 0x000000006e306000 	C:\Program Files\Java\jdk1.8.0_25\jre\bin\zip.dll
0x000007fefd9f0000 - 0x000007fefe779000 	C:\Windows\system32\SHELL32.dll
0x00000000001d0000 - 0x00000000001df000 	C:\Windows\system32\profapi.dll
0x000000006e290000 - 0x000000006e2aa000 	C:\Program Files\Java\jdk1.8.0_25\jre\bin\net.dll
0x000007fefc6b0000 - 0x000007fefc705000 	C:\Windows\system32\mswsock.dll
0x000007fefc6a0000 - 0x000007fefc6a7000 	C:\Windows\System32\wship6.dll
0x000007fefa8e0000 - 0x000007fefa8f5000 	C:\Windows\system32\NLAapi.dll
0x000007fef5f50000 - 0x000007fef5f65000 	C:\Windows\system32\napinsp.dll
0x000007fef5ea0000 - 0x000007fef5eb9000 	C:\Windows\system32\pnrpnsp.dll
0x000007fefc4c0000 - 0x000007fefc51b000 	C:\Windows\system32\DNSAPI.dll
0x000007fef62d0000 - 0x000007fef62db000 	C:\Windows\System32\winrnr.dll
0x000007fefc050000 - 0x000007fefc057000 	C:\Windows\System32\wshtcpip.dll
0x000007fef9d50000 - 0x000007fef9d77000 	C:\Windows\system32\IPHLPAPI.DLL
0x000007fef9d40000 - 0x000007fef9d4b000 	C:\Windows\system32\WINNSI.DLL
0x000007fef7610000 - 0x000007fef7618000 	C:\Windows\system32\rasadhlp.dll
0x000007fef9b70000 - 0x000007fef9bc3000 	C:\Windows\System32\fwpuclnt.dll
0x000000006e270000 - 0x000000006e281000 	C:\Program Files\Java\jdk1.8.0_25\jre\bin\nio.dll
0x000007fefc610000 - 0x000007fefc628000 	C:\Windows\system32\CRYPTSP.dll
0x000007fefc3d0000 - 0x000007fefc417000 	C:\Windows\system32\rsaenh.dll
0x000007fefd000000 - 0x000007fefd01e000 	C:\Windows\system32\USERENV.dll
0x000007fefccf0000 - 0x000007fefccff000 	C:\Windows\system32\CRYPTBASE.dll
0x000007fef9b50000 - 0x000007fef9b61000 	C:\Windows\system32\dhcpcsvc6.DLL
0x000007fef9b30000 - 0x000007fef9b48000 	C:\Windows\system32\dhcpcsvc.DLL
0x000000006d6d0000 - 0x000000006d6dd000 	C:\Program Files\Java\jdk1.8.0_25\jre\bin\management.dll
0x000000006d770000 - 0x000000006d794000 	C:\Program Files\Java\jdk1.8.0_25\jre\bin\sunec.dll
0x000007fefa4f0000 - 0x000007fefa615000 	C:\Windows\system32\dbghelp.dll

VM Arguments:
java_command: sbt.ForkMain 62693
java_class_path (initial): D:\Desenvolvimento\PlayApplications\ciandt-test-case\target\scala-2.10\test-classes;D:\Desenvolvimento\PlayApplications\ciandt-test-case\target\web\classes\test;D:\Desenvolvimento\PlayApplications\ciandt-test-case\target\scala-2.10\classes;D:\Desenvolvimento\PlayApplications\ciandt-test-case\target\web\classes\main;C:\Users\Sildu\.ivy2\cache\com.typesafe.play\twirl-api_2.10\jars\twirl-api_2.10-1.1.1.jar;C:\Users\Sildu\.ivy2\cache\org.scala-lang\scala-library\jars\scala-library-2.10.5.jar;C:\Users\Sildu\.ivy2\cache\org.apache.commons\commons-lang3\jars\commons-lang3-3.4.jar;C:\Users\Sildu\.ivy2\cache\com.typesafe.play\play-enhancer\jars\play-enhancer-1.1.0.jar;C:\Users\Sildu\.ivy2\cache\com.typesafe.play\play-server_2.10\jars\play-server_2.10-2.4.2.jar;C:\Users\Sildu\.ivy2\cache\com.typesafe.play\play_2.10\jars\play_2.10-2.4.2.jar;C:\Users\Sildu\.ivy2\cache\com.typesafe.play\build-link\jars\build-link-2.4.2.jar;C:\Users\Sildu\.ivy2\cache\com.typesafe.play\play-exceptions\jars\play-exceptions-2.4.2.jar;C:\Users\Sildu\.ivy2\cache\org.javassist\javassist\bundles\javassist-3.19.0-GA.jar;C:\Users\Sildu\.ivy2\cache\com.typesafe.play\play-iteratees_2.10\jars\play-iteratees_2.10-2.4.2.jar;C:\Users\Sildu\.ivy2\cache\org.scala-stm\scala-stm_2.10\jars\scala-stm_2.10-0.7.jar;C:\Users\Sildu\.ivy2\cache\com.typesafe\config\bundles\config-1.3.0.jar;C:\Users\Sildu\.ivy2\cache\com.typesafe.play\play-json_2.10\jars\play-json_2.10-2.4.2.jar;C:\Users\Sildu\.ivy2\cache\com.typesafe.play\play-functional_2.10\jars\play-functional_2.10-2.4.2.jar;C:\Users\Sildu\.ivy2\cache\com.typesafe.play\play-datacommons_2.10\jars\play-datacommons_2.10-2.4.2.jar;C:\Users\Sildu\.ivy2\cache\joda-time\joda-time\jars\joda-time-2.8.1.jar;C:\Users\Sildu\.ivy2\cache\org.joda\joda-convert\jars\joda-convert-1.7.jar;C:\Users\Sildu\.ivy2\cache\org.scala-lang\scala-reflect\jars\scala-reflect-2.10.5.jar;C:\Users\Sildu\.ivy2\cache\com.fasterxml.jackson.core\jackson-core\bundles\jackson-core
Launcher Type: SUN_STANDARD

Environment Variables:
JAVA_HOME=C:\Program Files\Java\jdk1.8.0_25
PATH=C:\Program Files\Java\jdk1.8.0_25\bin;C:\ProgramData\Oracle\Java\javapath;C:\Program Files (x86)\Intel\iCLS Client\;C:\Program Files\Intel\iCLS Client\;C:\Windows\system32;C:\Windows;C:\Windows\System32\Wbem;C:\Windows\System32\WindowsPowerShell\v1.0\;C:\Program Files (x86)\Intel\OpenCL SDK\2.0\bin\x86;C:\Program Files (x86)\Intel\OpenCL SDK\2.0\bin\x64;C:\Program Files\Intel\Intel(R) Management Engine Components\DAL;C:\Program Files\Intel\Intel(R) Management Engine Components\IPT;C:\Program Files (x86)\Intel\Intel(R) Management Engine Components\DAL;C:\Program Files (x86)\Intel\Intel(R) Management Engine Components\IPT;C:\Program Files (x86)\Skype\Phone\;C:\Program Files\Java\jdk1.8.0_25\bin;D:\Desenvolvimento\typesafe-activator-1.3.5-minimal\activator-1.3.5-minimal\;D:\Program Files (x86)\Heroku\bin;C:\Program Files (x86)\git\cmd
USERNAME=Sildu
OS=Windows_NT
PROCESSOR_IDENTIFIER=Intel64 Family 6 Model 58 Stepping 9, GenuineIntel



---------------  S Y S T E M  ---------------

OS: Windows 7 , 64 bit Build 7601 Service Pack 1

CPU:total 8 (4 cores per cpu, 2 threads per core) family 6 model 58 stepping 9, cmov, cx8, fxsr, mmx, sse, sse2, sse3, ssse3, sse4.1, sse4.2, popcnt, avx, aes, clmul, erms, ht, tsc, tscinvbit, tscinv

Memory: 4k page, physical 8263280k(177500k free), swap 12406596k(5128k free)

vm_info: Java HotSpot(TM) 64-Bit Server VM (25.25-b02) for windows-amd64 JRE (1.8.0_25-b18), built on Oct  7 2014 14:25:37 by "java_re" with MS VC++ 10.0 (VS2010)

time: Fri Jul 31 11:02:48 2015
elapsed time: 23 seconds (0d 0h 0m 23s)

